{"C:\\Users\\Alejandro\\Documents\\GitHub\\ob2-duran-teske-1\\src\\Scripts\\Leccion.js": {"path":"C:\\Users\\Alejandro\\Documents\\GitHub\\ob2-duran-teske-1\\src\\Scripts\\Leccion.js","statementMap":{"0":{"start":{"line":2,"column":2},"end":{"line":2,"column":25}},"1":{"start":{"line":3,"column":2},"end":{"line":3,"column":31}},"2":{"start":{"line":4,"column":2},"end":{"line":4,"column":31}},"3":{"start":{"line":5,"column":2},"end":{"line":5,"column":21}},"4":{"start":{"line":6,"column":2},"end":{"line":6,"column":35}},"5":{"start":{"line":8,"column":0},"end":{"line":10,"column":2}}},"fnMap":{"0":{"name":"Leccion","decl":{"start":{"line":1,"column":9},"end":{"line":1,"column":16}},"loc":{"start":{"line":1,"column":71},"end":{"line":7,"column":1}},"line":1}},"branchMap":{},"s":{"0":0,"1":0,"2":0,"3":0,"4":0,"5":1},"f":{"0":0},"b":{},"_coverageSchema":"1a1c01bbd47fc00a2c39e90264f33305004495a9","hash":"baceed8fcf37c5416671679f1c626e8c28c59212"}
,"C:\\Users\\Alejandro\\Documents\\GitHub\\ob2-duran-teske-1\\src\\Scripts\\NuevaLeccion.js": {"path":"C:\\Users\\Alejandro\\Documents\\GitHub\\ob2-duran-teske-1\\src\\Scripts\\NuevaLeccion.js","statementMap":{"0":{"start":{"line":3,"column":2},"end":{"line":3,"column":46}},"1":{"start":{"line":7,"column":2},"end":{"line":7,"column":33}},"2":{"start":{"line":11,"column":14},"end":{"line":11,"column":39}},"3":{"start":{"line":12,"column":2},"end":{"line":14,"column":3}},"4":{"start":{"line":13,"column":4},"end":{"line":13,"column":40}},"5":{"start":{"line":18,"column":12},"end":{"line":18,"column":46}},"6":{"start":{"line":20,"column":2},"end":{"line":25,"column":3}},"7":{"start":{"line":21,"column":4},"end":{"line":21,"column":33}},"8":{"start":{"line":22,"column":4},"end":{"line":22,"column":23}},"9":{"start":{"line":23,"column":16},"end":{"line":23,"column":41}},"10":{"start":{"line":24,"column":4},"end":{"line":24,"column":25}},"11":{"start":{"line":27,"column":2},"end":{"line":35,"column":3}},"12":{"start":{"line":28,"column":16},"end":{"line":28,"column":41}},"13":{"start":{"line":30,"column":4},"end":{"line":34,"column":5}},"14":{"start":{"line":31,"column":6},"end":{"line":31,"column":63}},"15":{"start":{"line":32,"column":6},"end":{"line":32,"column":25}},"16":{"start":{"line":33,"column":6},"end":{"line":33,"column":26}},"17":{"start":{"line":38,"column":15},"end":{"line":38,"column":45}},"18":{"start":{"line":39,"column":12},"end":{"line":39,"column":62}},"19":{"start":{"line":41,"column":14},"end":{"line":41,"column":45}},"20":{"start":{"line":42,"column":16},"end":{"line":42,"column":47}},"21":{"start":{"line":43,"column":2},"end":{"line":43,"column":31}},"22":{"start":{"line":44,"column":2},"end":{"line":44,"column":38}},"23":{"start":{"line":46,"column":2},"end":{"line":77,"column":3}},"24":{"start":{"line":46,"column":15},"end":{"line":46,"column":16}},"25":{"start":{"line":48,"column":17},"end":{"line":48,"column":45}},"26":{"start":{"line":49,"column":4},"end":{"line":74,"column":5}},"27":{"start":{"line":49,"column":17},"end":{"line":49,"column":18}},"28":{"start":{"line":53,"column":18},"end":{"line":53,"column":46}},"29":{"start":{"line":54,"column":6},"end":{"line":54,"column":33}},"30":{"start":{"line":55,"column":6},"end":{"line":55,"column":37}},"31":{"start":{"line":56,"column":18},"end":{"line":56,"column":21}},"32":{"start":{"line":57,"column":6},"end":{"line":69,"column":7}},"33":{"start":{"line":58,"column":8},"end":{"line":58,"column":26}},"34":{"start":{"line":59,"column":25},"end":{"line":59,"column":55}},"35":{"start":{"line":60,"column":8},"end":{"line":60,"column":38}},"36":{"start":{"line":63,"column":8},"end":{"line":63,"column":24}},"37":{"start":{"line":64,"column":25},"end":{"line":64,"column":55}},"38":{"start":{"line":65,"column":8},"end":{"line":65,"column":38}},"39":{"start":{"line":66,"column":8},"end":{"line":66,"column":68}},"40":{"start":{"line":67,"column":8},"end":{"line":67,"column":69}},"41":{"start":{"line":68,"column":8},"end":{"line":68,"column":69}},"42":{"start":{"line":70,"column":6},"end":{"line":70,"column":33}},"43":{"start":{"line":71,"column":6},"end":{"line":71,"column":34}},"44":{"start":{"line":73,"column":6},"end":{"line":73,"column":32}},"45":{"start":{"line":76,"column":4},"end":{"line":76,"column":32}},"46":{"start":{"line":79,"column":2},"end":{"line":79,"column":29}},"47":{"start":{"line":82,"column":2},"end":{"line":82,"column":25}},"48":{"start":{"line":84,"column":2},"end":{"line":84,"column":36}},"49":{"start":{"line":87,"column":2},"end":{"line":98,"column":3}},"50":{"start":{"line":88,"column":21},"end":{"line":88,"column":35}},"51":{"start":{"line":89,"column":25},"end":{"line":89,"column":43}},"52":{"start":{"line":90,"column":4},"end":{"line":97,"column":5}},"53":{"start":{"line":91,"column":6},"end":{"line":91,"column":38}},"54":{"start":{"line":92,"column":6},"end":{"line":92,"column":41}},"55":{"start":{"line":93,"column":6},"end":{"line":93,"column":49}},"56":{"start":{"line":96,"column":6},"end":{"line":96,"column":37}},"57":{"start":{"line":101,"column":24},"end":{"line":101,"column":69}},"58":{"start":{"line":102,"column":16},"end":{"line":102,"column":37}},"59":{"start":{"line":103,"column":27},"end":{"line":103,"column":69}},"60":{"start":{"line":104,"column":19},"end":{"line":104,"column":43}},"61":{"start":{"line":105,"column":28},"end":{"line":105,"column":71}},"62":{"start":{"line":106,"column":19},"end":{"line":106,"column":44}},"63":{"start":{"line":107,"column":22},"end":{"line":107,"column":59}},"64":{"start":{"line":108,"column":14},"end":{"line":108,"column":33}},"65":{"start":{"line":109,"column":17},"end":{"line":109,"column":59}},"66":{"start":{"line":110,"column":21},"end":{"line":110,"column":33}},"67":{"start":{"line":112,"column":2},"end":{"line":114,"column":3}},"68":{"start":{"line":112,"column":15},"end":{"line":112,"column":16}},"69":{"start":{"line":113,"column":4},"end":{"line":113,"column":38}},"70":{"start":{"line":115,"column":2},"end":{"line":119,"column":3}},"71":{"start":{"line":115,"column":15},"end":{"line":115,"column":16}},"72":{"start":{"line":116,"column":4},"end":{"line":118,"column":5}},"73":{"start":{"line":116,"column":17},"end":{"line":116,"column":18}},"74":{"start":{"line":117,"column":6},"end":{"line":117,"column":52}},"75":{"start":{"line":120,"column":19},"end":{"line":120,"column":84}},"76":{"start":{"line":121,"column":2},"end":{"line":121,"column":20}},"77":{"start":{"line":125,"column":16},"end":{"line":125,"column":67}},"78":{"start":{"line":126,"column":19},"end":{"line":126,"column":67}},"79":{"start":{"line":127,"column":14},"end":{"line":127,"column":57}},"80":{"start":{"line":128,"column":2},"end":{"line":133,"column":3}},"81":{"start":{"line":129,"column":4},"end":{"line":129,"column":60}},"82":{"start":{"line":130,"column":4},"end":{"line":130,"column":17}},"83":{"start":{"line":132,"column":4},"end":{"line":132,"column":16}},"84":{"start":{"line":137,"column":2},"end":{"line":141,"column":3}},"85":{"start":{"line":138,"column":4},"end":{"line":138,"column":17}},"86":{"start":{"line":140,"column":4},"end":{"line":140,"column":16}},"87":{"start":{"line":144,"column":2},"end":{"line":148,"column":3}},"88":{"start":{"line":145,"column":4},"end":{"line":145,"column":17}},"89":{"start":{"line":147,"column":4},"end":{"line":147,"column":16}},"90":{"start":{"line":152,"column":2},"end":{"line":157,"column":3}},"91":{"start":{"line":154,"column":4},"end":{"line":154,"column":16}},"92":{"start":{"line":156,"column":4},"end":{"line":156,"column":15}},"93":{"start":{"line":160,"column":2},"end":{"line":164,"column":3}},"94":{"start":{"line":160,"column":15},"end":{"line":160,"column":16}},"95":{"start":{"line":161,"column":4},"end":{"line":163,"column":5}},"96":{"start":{"line":162,"column":6},"end":{"line":162,"column":19}},"97":{"start":{"line":165,"column":2},"end":{"line":165,"column":14}},"98":{"start":{"line":167,"column":0},"end":{"line":172,"column":2}}},"fnMap":{"0":{"name":"cancelar","decl":{"start":{"line":2,"column":9},"end":{"line":2,"column":17}},"loc":{"start":{"line":2,"column":20},"end":{"line":4,"column":1}},"line":2},"1":{"name":"borrarGuionesCeldaTablatura","decl":{"start":{"line":6,"column":9},"end":{"line":6,"column":36}},"loc":{"start":{"line":6,"column":39},"end":{"line":8,"column":1}},"line":6},"2":{"name":"agregarGuionesCeldaTablatura","decl":{"start":{"line":10,"column":9},"end":{"line":10,"column":37}},"loc":{"start":{"line":10,"column":40},"end":{"line":15,"column":1}},"line":10},"3":{"name":"validacionCeldaTablatura","decl":{"start":{"line":17,"column":9},"end":{"line":17,"column":33}},"loc":{"start":{"line":17,"column":37},"end":{"line":36,"column":1}},"line":17},"4":{"name":"generaTabla","decl":{"start":{"line":37,"column":9},"end":{"line":37,"column":20}},"loc":{"start":{"line":37,"column":23},"end":{"line":85,"column":1}},"line":37},"5":{"name":"grabar","decl":{"start":{"line":86,"column":9},"end":{"line":86,"column":15}},"loc":{"start":{"line":86,"column":18},"end":{"line":99,"column":1}},"line":86},"6":{"name":"crearLeccion","decl":{"start":{"line":100,"column":9},"end":{"line":100,"column":21}},"loc":{"start":{"line":100,"column":24},"end":{"line":122,"column":1}},"line":100},"7":{"name":"validarCamposRequeridos","decl":{"start":{"line":124,"column":9},"end":{"line":124,"column":32}},"loc":{"start":{"line":124,"column":35},"end":{"line":134,"column":1}},"line":124},"8":{"name":"validarCamposRequeridosBack","decl":{"start":{"line":136,"column":9},"end":{"line":136,"column":36}},"loc":{"start":{"line":136,"column":64},"end":{"line":142,"column":1}},"line":136},"9":{"name":"validarLargoCampo","decl":{"start":{"line":143,"column":9},"end":{"line":143,"column":26}},"loc":{"start":{"line":143,"column":41},"end":{"line":149,"column":1}},"line":143},"10":{"name":"validacionCaracterAcorde","decl":{"start":{"line":150,"column":9},"end":{"line":150,"column":33}},"loc":{"start":{"line":150,"column":39},"end":{"line":158,"column":1}},"line":150},"11":{"name":"validacionCancionUnica","decl":{"start":{"line":159,"column":9},"end":{"line":159,"column":31}},"loc":{"start":{"line":159,"column":63},"end":{"line":166,"column":1}},"line":159}},"branchMap":{"0":{"loc":{"start":{"line":12,"column":2},"end":{"line":14,"column":3}},"type":"if","locations":[{"start":{"line":12,"column":2},"end":{"line":14,"column":3}},{"start":{"line":12,"column":2},"end":{"line":14,"column":3}}],"line":12},"1":{"loc":{"start":{"line":18,"column":12},"end":{"line":18,"column":46}},"type":"cond-expr","locations":[{"start":{"line":18,"column":27},"end":{"line":18,"column":34}},{"start":{"line":18,"column":37},"end":{"line":18,"column":46}}],"line":18},"2":{"loc":{"start":{"line":20,"column":2},"end":{"line":25,"column":3}},"type":"if","locations":[{"start":{"line":20,"column":2},"end":{"line":25,"column":3}},{"start":{"line":20,"column":2},"end":{"line":25,"column":3}}],"line":20},"3":{"loc":{"start":{"line":27,"column":2},"end":{"line":35,"column":3}},"type":"if","locations":[{"start":{"line":27,"column":2},"end":{"line":35,"column":3}},{"start":{"line":27,"column":2},"end":{"line":35,"column":3}}],"line":27},"4":{"loc":{"start":{"line":27,"column":6},"end":{"line":27,"column":34}},"type":"binary-expr","locations":[{"start":{"line":27,"column":7},"end":{"line":27,"column":16}},{"start":{"line":27,"column":22},"end":{"line":27,"column":33}}],"line":27},"5":{"loc":{"start":{"line":30,"column":4},"end":{"line":34,"column":5}},"type":"if","locations":[{"start":{"line":30,"column":4},"end":{"line":34,"column":5}},{"start":{"line":30,"column":4},"end":{"line":34,"column":5}}],"line":30},"6":{"loc":{"start":{"line":57,"column":6},"end":{"line":69,"column":7}},"type":"if","locations":[{"start":{"line":57,"column":6},"end":{"line":69,"column":7}},{"start":{"line":57,"column":6},"end":{"line":69,"column":7}}],"line":57},"7":{"loc":{"start":{"line":87,"column":2},"end":{"line":98,"column":3}},"type":"if","locations":[{"start":{"line":87,"column":2},"end":{"line":98,"column":3}},{"start":{"line":87,"column":2},"end":{"line":98,"column":3}}],"line":87},"8":{"loc":{"start":{"line":90,"column":4},"end":{"line":97,"column":5}},"type":"if","locations":[{"start":{"line":90,"column":4},"end":{"line":97,"column":5}},{"start":{"line":90,"column":4},"end":{"line":97,"column":5}}],"line":90},"9":{"loc":{"start":{"line":128,"column":2},"end":{"line":133,"column":3}},"type":"if","locations":[{"start":{"line":128,"column":2},"end":{"line":133,"column":3}},{"start":{"line":128,"column":2},"end":{"line":133,"column":3}}],"line":128},"10":{"loc":{"start":{"line":137,"column":2},"end":{"line":141,"column":3}},"type":"if","locations":[{"start":{"line":137,"column":2},"end":{"line":141,"column":3}},{"start":{"line":137,"column":2},"end":{"line":141,"column":3}}],"line":137},"11":{"loc":{"start":{"line":137,"column":6},"end":{"line":137,"column":59}},"type":"binary-expr","locations":[{"start":{"line":137,"column":7},"end":{"line":137,"column":19}},{"start":{"line":137,"column":25},"end":{"line":137,"column":41}},{"start":{"line":137,"column":47},"end":{"line":137,"column":58}}],"line":137},"12":{"loc":{"start":{"line":144,"column":2},"end":{"line":148,"column":3}},"type":"if","locations":[{"start":{"line":144,"column":2},"end":{"line":148,"column":3}},{"start":{"line":144,"column":2},"end":{"line":148,"column":3}}],"line":144},"13":{"loc":{"start":{"line":152,"column":2},"end":{"line":157,"column":3}},"type":"if","locations":[{"start":{"line":152,"column":2},"end":{"line":157,"column":3}},{"start":{"line":152,"column":2},"end":{"line":157,"column":3}}],"line":152},"14":{"loc":{"start":{"line":152,"column":8},"end":{"line":153,"column":79}},"type":"binary-expr","locations":[{"start":{"line":152,"column":9},"end":{"line":152,"column":17}},{"start":{"line":152,"column":21},"end":{"line":152,"column":30}},{"start":{"line":152,"column":36},"end":{"line":152,"column":44}},{"start":{"line":152,"column":48},"end":{"line":152,"column":58}},{"start":{"line":152,"column":64},"end":{"line":152,"column":72}},{"start":{"line":152,"column":78},"end":{"line":152,"column":87}},{"start":{"line":153,"column":8},"end":{"line":153,"column":17}},{"start":{"line":153,"column":23},"end":{"line":153,"column":32}},{"start":{"line":153,"column":38},"end":{"line":153,"column":47}},{"start":{"line":153,"column":53},"end":{"line":153,"column":62}},{"start":{"line":153,"column":68},"end":{"line":153,"column":78}}],"line":152},"15":{"loc":{"start":{"line":161,"column":4},"end":{"line":163,"column":5}},"type":"if","locations":[{"start":{"line":161,"column":4},"end":{"line":163,"column":5}},{"start":{"line":161,"column":4},"end":{"line":163,"column":5}}],"line":161}},"s":{"0":0,"1":0,"2":0,"3":0,"4":0,"5":0,"6":0,"7":0,"8":0,"9":0,"10":0,"11":0,"12":0,"13":0,"14":0,"15":0,"16":0,"17":0,"18":0,"19":0,"20":0,"21":0,"22":0,"23":0,"24":0,"25":0,"26":0,"27":0,"28":0,"29":0,"30":0,"31":0,"32":0,"33":0,"34":0,"35":0,"36":0,"37":0,"38":0,"39":0,"40":0,"41":0,"42":0,"43":0,"44":0,"45":0,"46":0,"47":0,"48":0,"49":0,"50":0,"51":0,"52":0,"53":0,"54":0,"55":0,"56":0,"57":0,"58":0,"59":0,"60":0,"61":0,"62":0,"63":0,"64":0,"65":0,"66":0,"67":0,"68":0,"69":0,"70":0,"71":0,"72":0,"73":0,"74":0,"75":0,"76":0,"77":0,"78":0,"79":0,"80":0,"81":0,"82":0,"83":0,"84":10,"85":8,"86":2,"87":7,"88":1,"89":6,"90":17,"91":7,"92":10,"93":4,"94":4,"95":6,"96":2,"97":2,"98":1},"f":{"0":0,"1":0,"2":0,"3":0,"4":0,"5":0,"6":0,"7":0,"8":10,"9":7,"10":17,"11":4},"b":{"0":[0,0],"1":[0,0],"2":[0,0],"3":[0,0],"4":[0,0],"5":[0,0],"6":[0,0],"7":[0,0],"8":[0,0],"9":[0,0],"10":[8,2],"11":[10,7,5],"12":[1,6],"13":[7,10],"14":[17,11,7,0,7,7,7,7,7,7,7],"15":[2,4]},"_coverageSchema":"1a1c01bbd47fc00a2c39e90264f33305004495a9","hash":"a55b0a97bacfdd46c76443df9972d38f9b9e8965"}
}
